  adjust.cpp
  attackbolt.cpp
  batterydown.cpp
  block.cpp
  bolt.cpp
  camera.cpp
  chargeEffect.cpp
  combo.cpp
  controllerUI.cpp
  defenceResult.cpp
  edit.cpp
  editcamera.cpp
  effect.cpp
  enemy.cpp
  enemyLifeManager.cpp
  enemyLifeUI.cpp
  enemyState.cpp
  enemychild.cpp
  fade.cpp
  fence.cpp
  コンパイル中...
  game.cpp
  gatherEffect.cpp
  gatherparticle.cpp
  humansatellite.cpp
  input.cpp
  item.cpp
  itemmanager.cpp
  itemskill.cpp
  jem.cpp
  jempiece.cpp
  manager.cpp
  mesh.cpp
  model.cpp
  numbermulti.cpp
  object.cpp
  object2D.cpp
  object2DMulti.cpp
  object3D.cpp
  objectBillboard.cpp
  pause.cpp
  コンパイル中...
  player.cpp
  rail.cpp
  railEffect.cpp
  railblock.cpp
  rank.cpp
  result.cpp
  skip.cpp
  skydoom.cpp
  sparkEffect.cpp
  stanUI.cpp
  stand.cpp
  title.cpp
  titleSegway.cpp
  tutorial.cpp
  tutorialCheck.cpp
  tutorialEnemy.cpp
  tutorialPlayer.cpp
  tutorialRail.cpp
  tutorialUI.cpp
  wave.cpp
  コード生成しています。
  106 of 1864 functions ( 5.7%) were compiled, the rest were copied from previous compilation.
    1 functions were new in current compilation
    212 functions had inline decision re-evaluated but remain unchanged
  コード生成が終了しました。
  3DAction++01.vcxproj -> C:\Users\student\source\repos\3DAction++01\3DAction++01.exe
