  block.cpp
  camera.cpp
  debugproc.cpp
  input.cpp
  lifeUI.cpp
  light.cpp
  main.cpp
  manager.cpp
  mesh.cpp
  model.cpp
  motion.cpp
  number.cpp
  object.cpp
  object2D.cpp
  object2DMulti.cpp
  object3D.cpp
  objectBillboard.cpp
  objectX.cpp
  particle.cpp
  pause.cpp
  コンパイル中...
  player.cpp
  rail.cpp
  renderer.cpp
  score.cpp
  sound.cpp
  texture.cpp
  timer.cpp
  Xmodel.cpp
  コード生成しています。
  Previous IPDB not found, fall back to full compilation.
  All 595 functions were compiled because no usable IPDB/IOBJ from previous compilation was found.
  コード生成が終了しました。
  3DAction++01.vcxproj -> C:\Users\student\source\repos\3DAction++01\3DAction++01.exe
