c:\users\student\source\repos\3daction++01\debug\3daction++01.pch
c:\users\student\source\repos\3daction++01\debug\vc143.pdb
c:\users\student\source\repos\3daction++01\debug\vc143.idb
c:\users\student\source\repos\3daction++01\debug\pch.obj
c:\users\student\source\repos\3daction++01\debug\itemskill.obj
c:\users\student\source\repos\3daction++01\debug\itemmanager.obj
c:\users\student\source\repos\3daction++01\debug\item.obj
c:\users\student\source\repos\3daction++01\debug\humansatellite.obj
c:\users\student\source\repos\3daction++01\debug\fence.obj
c:\users\student\source\repos\3daction++01\debug\fade.obj
c:\users\student\source\repos\3daction++01\debug\editmesh.obj
c:\users\student\source\repos\3daction++01\debug\editcamera.obj
c:\users\student\source\repos\3daction++01\debug\edit.obj
c:\users\student\source\repos\3daction++01\debug\defenceresult.obj
c:\users\student\source\repos\3daction++01\debug\combo.obj
c:\users\student\source\repos\3daction++01\debug\bonus.obj
c:\users\student\source\repos\3daction++01\debug\blurmanager.obj
c:\users\student\source\repos\3daction++01\debug\blockmanager.obj
c:\users\student\source\repos\3daction++01\debug\block.obj
c:\users\student\source\repos\3daction++01\debug\batterydown.obj
c:\users\student\source\repos\3daction++01\debug\attackbolt.obj
c:\users\student\source\repos\3daction++01\debug\adjustui.obj
c:\users\student\source\repos\3daction++01\debug\adjust.obj
c:\users\student\source\repos\3daction++01\debug\model.obj
c:\users\student\source\repos\3daction++01\debug\mesh.obj
c:\users\student\source\repos\3daction++01\debug\manager.obj
c:\users\student\source\repos\3daction++01\debug\main.obj
c:\users\student\source\repos\3daction++01\debug\light.obj
c:\users\student\source\repos\3daction++01\debug\lifeui.obj
c:\users\student\source\repos\3daction++01\debug\input.obj
c:\users\student\source\repos\3daction++01\debug\game.obj
c:\users\student\source\repos\3daction++01\debug\enemystate.obj
c:\users\student\source\repos\3daction++01\debug\enemychild.obj
c:\users\student\source\repos\3daction++01\debug\enemy.obj
c:\users\student\source\repos\3daction++01\debug\effect.obj
c:\users\student\source\repos\3daction++01\debug\debugproc.obj
c:\users\student\source\repos\3daction++01\debug\camera.obj
c:\users\student\source\repos\3daction++01\debug\bolt.obj
c:\users\student\source\repos\3daction++01\debug\railblock.obj
c:\users\student\source\repos\3daction++01\debug\pausemanager.obj
c:\users\student\source\repos\3daction++01\debug\orbit.obj
c:\users\student\source\repos\3daction++01\debug\numbermulti.obj
c:\users\student\source\repos\3daction++01\debug\jem.obj
c:\users\student\source\repos\3daction++01\debug\shadows.obj
c:\users\student\source\repos\3daction++01\debug\score.obj
c:\users\student\source\repos\3daction++01\debug\scene.obj
c:\users\student\source\repos\3daction++01\debug\resultui.obj
c:\users\student\source\repos\3daction++01\debug\resultscore.obj
c:\users\student\source\repos\3daction++01\debug\result.obj
c:\users\student\source\repos\3daction++01\debug\renderer.obj
c:\users\student\source\repos\3daction++01\debug\rank.obj
c:\users\student\source\repos\3daction++01\debug\rail.obj
c:\users\student\source\repos\3daction++01\debug\player.obj
c:\users\student\source\repos\3daction++01\debug\pause.obj
c:\users\student\source\repos\3daction++01\debug\particle.obj
c:\users\student\source\repos\3daction++01\debug\objectx.obj
c:\users\student\source\repos\3daction++01\debug\objectbillboard.obj
c:\users\student\source\repos\3daction++01\debug\object3d.obj
c:\users\student\source\repos\3daction++01\debug\object2dmulti.obj
c:\users\student\source\repos\3daction++01\debug\object2d.obj
c:\users\student\source\repos\3daction++01\debug\object.obj
c:\users\student\source\repos\3daction++01\debug\number.obj
c:\users\student\source\repos\3daction++01\debug\motion.obj
c:\users\student\source\repos\3daction++01\debug\xmodel.obj
c:\users\student\source\repos\3daction++01\debug\wave.obj
c:\users\student\source\repos\3daction++01\debug\titleui.obj
c:\users\student\source\repos\3daction++01\debug\titlesegway.obj
c:\users\student\source\repos\3daction++01\debug\title.obj
c:\users\student\source\repos\3daction++01\debug\timer.obj
c:\users\student\source\repos\3daction++01\debug\timebonus.obj
c:\users\student\source\repos\3daction++01\debug\texture.obj
c:\users\student\source\repos\3daction++01\debug\state.obj
c:\users\student\source\repos\3daction++01\debug\startui.obj
c:\users\student\source\repos\3daction++01\debug\stanui.obj
c:\users\student\source\repos\3daction++01\debug\stand.obj
c:\users\student\source\repos\3daction++01\debug\sound.obj
c:\users\student\source\repos\3daction++01\debug\snagmanager.obj
c:\users\student\source\repos\3daction++01\debug\smokeparticle.obj
c:\users\student\source\repos\3daction++01\debug\smoke.obj
c:\users\student\source\repos\3daction++01\debug\slow.obj
c:\users\student\source\repos\3daction++01\debug\skydoom.obj
c:\users\student\source\repos\3daction++01\debug\railmesh.obj
c:\users\student\source\repos\3daction++01\debug\pieceparticle.obj
c:\users\student\source\repos\3daction++01\debug\jempiece.obj
c:\users\student\source\repos\3daction++01\debug\gatherparticle.obj
c:\users\student\source\repos\3daction++01\debug\gathereffect.obj
c:\users\student\source\repos\3daction++01\debug\sparkeffect.obj
c:\users\student\source\repos\3daction++01\debug\sparkparticle.obj
c:\users\student\source\repos\3daction++01\debug\raileffect.obj
c:\users\student\source\repos\3daction++01\debug\chargeeffect.obj
c:\users\student\source\repos\3daction++01\debug\railmanager.obj
c:\users\student\source\repos\3daction++01\debug\reverse.obj
c:\users\student\source\repos\3daction++01\debug\tutorialui.obj
c:\users\student\source\repos\3daction++01\debug\tutorial.obj
c:\users\student\source\repos\3daction++01\debug\enemylifeui.obj
c:\users\student\source\repos\3daction++01\debug\enemylifemanager.obj
c:\users\student\source\repos\3daction++01\debug\3daction++01.exe
c:\users\student\source\repos\3daction++01\debug\3daction++01.pdb
c:\users\student\source\repos\3daction++01\debug\3daction++01.ilk
c:\users\student\source\repos\3daction++01\debug\editplayer.obj
c:\users\student\source\repos\3daction++01\debug\3daction++01.tlog\cl.command.1.tlog
c:\users\student\source\repos\3daction++01\debug\3daction++01.tlog\cl.items.tlog
c:\users\student\source\repos\3daction++01\debug\3daction++01.tlog\cl.read.1.tlog
c:\users\student\source\repos\3daction++01\debug\3daction++01.tlog\cl.write.1.tlog
c:\users\student\source\repos\3daction++01\debug\3daction++01.tlog\link.command.1.tlog
c:\users\student\source\repos\3daction++01\debug\3daction++01.tlog\link.read.1.tlog
c:\users\student\source\repos\3daction++01\debug\3daction++01.tlog\link.secondary.1.tlog
c:\users\student\source\repos\3daction++01\debug\3daction++01.tlog\link.write.1.tlog
