c:\users\student\source\repos\monstertrack00\debug\monstertrack00.pch
c:\users\student\source\repos\monstertrack00\debug\vc143.pdb
c:\users\student\source\repos\monstertrack00\debug\vc143.idb
c:\users\student\source\repos\monstertrack00\debug\pch.obj
c:\users\student\source\repos\monstertrack00\debug\object3d.obj
c:\users\student\source\repos\monstertrack00\debug\object2dmulti.obj
c:\users\student\source\repos\monstertrack00\debug\object2d.obj
c:\users\student\source\repos\monstertrack00\debug\object.obj
c:\users\student\source\repos\monstertrack00\debug\numbermulti.obj
c:\users\student\source\repos\monstertrack00\debug\number.obj
c:\users\student\source\repos\monstertrack00\debug\motion.obj
c:\users\student\source\repos\monstertrack00\debug\model.obj
c:\users\student\source\repos\monstertrack00\debug\mesh.obj
c:\users\student\source\repos\monstertrack00\debug\manager.obj
c:\users\student\source\repos\monstertrack00\debug\main.obj
c:\users\student\source\repos\monstertrack00\debug\light.obj
c:\users\student\source\repos\monstertrack00\debug\input.obj
c:\users\student\source\repos\monstertrack00\debug\game.obj
c:\users\student\source\repos\monstertrack00\debug\fade.obj
c:\users\student\source\repos\monstertrack00\debug\debugproc.obj
c:\users\student\source\repos\monstertrack00\debug\camera.obj
c:\users\student\source\repos\monstertrack00\debug\blurmanager.obj
c:\users\student\source\repos\monstertrack00\debug\blockmanager.obj
c:\users\student\source\repos\monstertrack00\debug\block.obj
c:\users\student\source\repos\monstertrack00\debug\xmodel.obj
c:\users\student\source\repos\monstertrack00\debug\titleui.obj
c:\users\student\source\repos\monstertrack00\debug\title.obj
c:\users\student\source\repos\monstertrack00\debug\texture.obj
c:\users\student\source\repos\monstertrack00\debug\state.obj
c:\users\student\source\repos\monstertrack00\debug\sound.obj
c:\users\student\source\repos\monstertrack00\debug\scene.obj
c:\users\student\source\repos\monstertrack00\debug\renderer.obj
c:\users\student\source\repos\monstertrack00\debug\objectx.obj
c:\users\student\source\repos\monstertrack00\debug\objectbillboard.obj
c:\users\student\source\repos\monstertrack00\debug\wheel.obj
c:\users\student\source\repos\monstertrack00\debug\carmanager.obj
c:\users\student\source\repos\monstertrack00\debug\carbody.obj
c:\users\student\source\repos\monstertrack00\debug\meshedit.obj
c:\users\student\source\repos\monstertrack00\debug\monstertrack00.exe
c:\users\student\source\repos\monstertrack00\debug\monstertrack00.pdb
c:\users\student\source\repos\monstertrack00\debug\monstertrack00.ilk
c:\users\student\source\repos\monstertrack00\debug\car.obj
c:\users\student\source\repos\monstertrack00\debug\monstertrack00.tlog\cl.command.1.tlog
c:\users\student\source\repos\monstertrack00\debug\monstertrack00.tlog\cl.items.tlog
c:\users\student\source\repos\monstertrack00\debug\monstertrack00.tlog\cl.read.1.tlog
c:\users\student\source\repos\monstertrack00\debug\monstertrack00.tlog\cl.write.1.tlog
c:\users\student\source\repos\monstertrack00\debug\monstertrack00.tlog\link.command.1.tlog
c:\users\student\source\repos\monstertrack00\debug\monstertrack00.tlog\link.read.1.tlog
c:\users\student\source\repos\monstertrack00\debug\monstertrack00.tlog\link.secondary.1.tlog
c:\users\student\source\repos\monstertrack00\debug\monstertrack00.tlog\link.write.1.tlog
